0 silly argv { _: [ 'version' ],
0 silly argv   lernaVersion: '3.13.4',
0 silly argv   '$0':
0 silly argv    'C:\\Users\\kumar\\AppData\\Roaming\\npm\\node_modules\\node_modules\\lerna\\cli.js' }
1 notice cli v3.13.4
2 verbose rootPath C:\Public\ViyaAtWork\viyaapps\public\restaf-graphql-demo
3 info current version 0.0.0
4 silly isAnythingCommitted
5 verbose isAnythingCommitted 1
6 silly currentBranch
7 verbose currentBranch master
8 silly remoteBranchExists
9 silly isBehindUpstream
10 silly isBehindUpstream master is behind origin/master by 0 commit(s) and ahead by 1
11 silly hasTags
12 verbose hasTags false
13 info Assuming all packages changed
14 verbose updated @restaf-graphql-demo/app
15 verbose updated @restaf-graphql-server/server
16 verbose git-describe undefined => "b23660e"
17 silly git-describe parsed => {"refCount":"63","sha":"b23660e","isDirty":false}
18 silly batched [ PackageGraphNode {
18 silly batched     name: '@restaf-graphql-demo/app',
18 silly batched     externalDependencies:
18 silly batched      Map {
18 silly batched        '@babel/cli' => [Object],
18 silly batched        '@babel/core' => [Object],
18 silly batched        '@babel/plugin-proposal-class-properties' => [Object],
18 silly batched        '@babel/plugin-proposal-decorators' => [Object],
18 silly batched        '@babel/plugin-proposal-do-expressions' => [Object],
18 silly batched        '@babel/plugin-proposal-export-default-from' => [Object],
18 silly batched        '@babel/plugin-proposal-export-namespace-from' => [Object],
18 silly batched        '@babel/plugin-proposal-function-bind' => [Object],
18 silly batched        '@babel/plugin-proposal-function-sent' => [Object],
18 silly batched        '@babel/plugin-proposal-json-strings' => [Object],
18 silly batched        '@babel/plugin-proposal-logical-assignment-operators' => [Object],
18 silly batched        '@babel/plugin-proposal-nullish-coalescing-operator' => [Object],
18 silly batched        '@babel/plugin-proposal-numeric-separator' => [Object],
18 silly batched        '@babel/plugin-proposal-optional-chaining' => [Object],
18 silly batched        '@babel/plugin-proposal-pipeline-operator' => [Object],
18 silly batched        '@babel/plugin-proposal-throw-expressions' => [Object],
18 silly batched        '@babel/plugin-syntax-dynamic-import' => [Object],
18 silly batched        '@babel/plugin-syntax-import-meta' => [Object],
18 silly batched        '@babel/plugin-transform-regenerator' => [Object],
18 silly batched        '@babel/plugin-transform-runtime' => [Object],
18 silly batched        '@babel/preset-env' => [Object],
18 silly batched        '@babel/preset-react' => [Object],
18 silly batched        'babel-eslint' => [Object],
18 silly batched        'babel-loader' => [Object],
18 silly batched        'eslint' => [Object],
18 silly batched        'eslint-plugin-react' => [Object],
18 silly batched        'raw-loader' => [Object],
18 silly batched        'style-loader' => [Object],
18 silly batched        'webpack' => [Object],
18 silly batched        'webpack-cli' => [Object],
18 silly batched        'webpack-node-externals' => [Object],
18 silly batched        'axios' => [Object],
18 silly batched        'react' => [Object],
18 silly batched        'react-dom' => [Object],
18 silly batched        'react-select' => [Object],
18 silly batched        'restaf-server' => [Object] },
18 silly batched     localDependencies: Map {},
18 silly batched     localDependents: Map {} },
18 silly batched   PackageGraphNode {
18 silly batched     name: '@restaf-graphql-server/server',
18 silly batched     externalDependencies:
18 silly batched      Map {
18 silly batched        'babel-eslint' => [Object],
18 silly batched        'babel-loader' => [Object],
18 silly batched        'eslint' => [Object],
18 silly batched        'restaf-graphql-server' => [Object] },
18 silly batched     localDependencies: Map {},
18 silly batched     localDependents: Map {} } ]
19 info execute Skipping GitHub releases
20 silly lifecycle No script for "preversion" in "restaf-graphql-demo", continuing
21 silly lifecycle No script for "preversion" in "@restaf-graphql-demo/app", continuing
22 silly lifecycle No script for "preversion" in "@restaf-graphql-server/server", continuing
23 silly lifecycle No script for "version" in "@restaf-graphql-server/server", continuing
24 silly lifecycle No script for "version" in "@restaf-graphql-demo/app", continuing
25 silly lifecycle No script for "version" in "restaf-graphql-demo", continuing
26 silly gitAdd [ 'C:\\Public\\ViyaAtWork\\viyaapps\\public\\restaf-graphql-demo\\packages\\server\\package.json',
26 silly gitAdd   'C:\\Public\\ViyaAtWork\\viyaapps\\public\\restaf-graphql-demo\\packages\\app\\package.json',
26 silly gitAdd   'C:\\Public\\ViyaAtWork\\viyaapps\\public\\restaf-graphql-demo\\lerna.json' ]
27 silly gitCommit v1.7.0
28 verbose git [ 'commit', '-m', 'v1.7.0' ]
29 silly gitTag v1.7.0
30 verbose git [ 'tag', 'v1.7.0', '-m', 'v1.7.0' ]
31 silly lifecycle No script for "postversion" in "@restaf-graphql-demo/app", continuing
32 silly lifecycle No script for "postversion" in "@restaf-graphql-server/server", continuing
33 silly lifecycle No script for "postversion" in "restaf-graphql-demo", continuing
34 info git Pushing tags...
35 silly gitPush origin master
36 error Error: Command failed: git push --follow-tags --no-verify origin master
36 error bash: /dev/tty: No such device or address
36 error error: failed to execute prompt script (exit code 1)
36 error fatal: could not read Username for 'https://github.com': Invalid argument
36 error
36 error     at makeError (C:\Users\kumar\AppData\Roaming\npm\node_modules\node_modules\lerna\node_modules\execa\index.js:174:9)
36 error     at Promise.all.then.arr (C:\Users\kumar\AppData\Roaming\npm\node_modules\node_modules\lerna\node_modules\execa\index.js:278:16)
